Opt { debug: false, solvers: ["maxsat_ddd_ladder_scl"], xml_instances: false, txt_instances: true, instance_name_filter: Some("trackA8"), instance_name_exact: true, verify_instances: false, objective: Some("finsteps123"), other_objective: None, json_output: Some("A8_active_forward_on.json"), satddd_use_precedence_graph: None, maxsatddd_ladder_scl_use_scl: None, maxsatddd_ladder_scl_use_precedence_graph: None, maxsatddd_ladder_scl_use_interval_graph: None, maxsatddd_ladder_scl_use_interval_tree: None, satddd_objective_encoding: None }
Using solvers [MaxSatDddLadderScl]
Using delay cost type FiniteSteps123
MaxSatDddLadderScl settings MaxSatDddLadderSclSettings { use_precedence_graph: true, use_scl_fixed_precedence: true, use_interval_graph_conflicts: true, seed_scl_from_earliest: true }
SatDdd objective encoding Scpb
SatDdd settings SatDddSettings { use_precedence_graph: true }
Reading instances_original/InstanceA1.txt
Reading instances_original/InstanceA2.txt
Reading instances_original/InstanceA3.txt
Reading instances_original/InstanceA4.txt
Reading instances_original/InstanceA5.txt
Reading instances_original/InstanceA6.txt
Reading instances_original/InstanceA7.txt
Reading instances_original/InstanceA8.txt
Reading instances_original/InstanceA9.txt
Reading instances_original/InstanceA10.txt
Reading instances_original/InstanceA11.txt
Reading instances_original/InstanceA12.txt
Reading instances_original/InstanceB1.txt
Reading instances_original/InstanceB2.txt
Reading instances_original/InstanceB3.txt
Reading instances_original/InstanceB4.txt
Reading instances_original/InstanceB5.txt
Reading instances_original/InstanceB6.txt
Reading instances_original/InstanceB7.txt
Reading instances_original/InstanceB8.txt
Reading instances_original/InstanceB9.txt
Reading instances_original/InstanceB10.txt
Reading instances_original/InstanceB11.txt
Reading instances_original/InstanceB12.txt
Reading instances_addtracktime/InstanceA1.txt
Reading instances_addtracktime/InstanceA2.txt
Reading instances_addtracktime/InstanceA3.txt
Reading instances_addtracktime/InstanceA4.txt
Reading instances_addtracktime/InstanceA5.txt
Reading instances_addtracktime/InstanceA6.txt
Reading instances_addtracktime/InstanceA7.txt
Reading instances_addtracktime/InstanceA8.txt
trains 27 tracks 33 avgtracks 19.89 trackpairs 4862 delays 0 avgdelay0
27 & 33 & 19.89 & 4862 & 0 & 0 \\
Starting solver MaxSatDddLadderScl
[2026-05-02T17:15:44Z INFO  ddd::solvers::maxsatddd_ladder_scl] solving it1 with 2602 timepoints 66 conflicts
    LB=1
[2026-05-02T17:15:44Z INFO  ddd::solvers::maxsatddd_ladder_scl] solving it2 with 2602 timepoints 66 conflicts
    LB=2
[2026-05-02T17:15:44Z INFO  ddd::solvers::maxsatddd_ladder_scl] solving it3 with 2602 timepoints 66 conflicts
    LB=3
[2026-05-02T17:15:44Z INFO  ddd::solvers::maxsatddd_ladder_scl] solving it4 with 2602 timepoints 66 conflicts
    LB=4
[2026-05-02T17:15:44Z INFO  ddd::solvers::maxsatddd_ladder_scl] solving it5 with 2602 timepoints 66 conflicts
    LB=5
[2026-05-02T17:15:44Z INFO  ddd::solvers::maxsatddd_ladder_scl] solving it6 with 2602 timepoints 66 conflicts
    LB=6
[2026-05-02T17:15:44Z INFO  ddd::solvers::maxsatddd_ladder_scl] solving it7 with 2602 timepoints 66 conflicts
    LB=7
[2026-05-02T17:15:44Z INFO  ddd::solvers::maxsatddd_ladder_scl] solving it8 with 2602 timepoints 66 conflicts
    LB=8
[2026-05-02T17:15:44Z INFO  ddd::solvers::maxsatddd_ladder_scl] solving it9 with 2602 timepoints 66 conflicts
    LB=9
[2026-05-02T17:15:44Z INFO  ddd::solvers::maxsatddd_ladder_scl] solving it10 with 2602 timepoints 66 conflicts
    LB=10
[2026-05-02T17:15:44Z INFO  ddd::solvers::maxsatddd_ladder_scl] solving it11 with 2602 timepoints 66 conflicts
    LB=11
[2026-05-02T17:15:44Z INFO  ddd::solvers::maxsatddd_ladder_scl] solving it12 with 2602 timepoints 66 conflicts
    LB=12
[2026-05-02T17:15:44Z INFO  ddd::solvers::maxsatddd_ladder_scl] solving it13 with 2602 timepoints 66 conflicts
    LB=13
[2026-05-02T17:15:44Z INFO  ddd::solvers::maxsatddd_ladder_scl] solving it14 with 2602 timepoints 66 conflicts
[2026-05-02T17:15:44Z INFO  ddd::solvers::maxsatddd_ladder_scl] solving it15 with 2714 timepoints 79 conflicts
[2026-05-02T17:15:44Z INFO  ddd::solvers::maxsatddd_ladder_scl] solving it16 with 2823 timepoints 89 conflicts
[2026-05-02T17:15:44Z INFO  ddd::solvers::maxsatddd_ladder_scl] solving it17 with 2922 timepoints 98 conflicts
Set parameter WLSAccessID
Set parameter WLSSecret
Set parameter LicenseID to value 2663665
[2026-05-02T17:15:44Z INFO  ddd::solvers::maxsatddd_ladder_scl] solving it18 with 3010 timepoints 103 conflicts
[2026-05-02T17:15:44Z INFO  ddd::solvers::maxsatddd_ladder_scl] solving it19 with 3135 timepoints 117 conflicts
[2026-05-02T17:15:44Z INFO  ddd::solvers::maxsatddd_ladder_scl] solving it20 with 3257 timepoints 129 conflicts
[2026-05-02T17:15:44Z INFO  ddd::solvers::maxsatddd_ladder_scl] solving it21 with 3367 timepoints 140 conflicts
    LB=14
[2026-05-02T17:15:44Z INFO  ddd::solvers::maxsatddd_ladder_scl] solving it22 with 3367 timepoints 140 conflicts
[2026-05-02T17:15:44Z INFO  ddd::solvers::maxsatddd_ladder_scl] solving it23 with 3488 timepoints 150 conflicts
[2026-05-02T17:15:44Z INFO  ddd::solvers::maxsatddd_ladder_scl] solving it24 with 3612 timepoints 162 conflicts
[2026-05-02T17:15:44Z INFO  ddd::solvers::maxsatddd_ladder_scl] solving it25 with 3701 timepoints 166 conflicts
[2026-05-02T17:15:44Z INFO  ddd::solvers::maxsatddd_ladder_scl] solving it26 with 3815 timepoints 178 conflicts
[2026-05-02T17:15:44Z INFO  ddd::solvers::maxsatddd_ladder_scl] solving it27 with 3930 timepoints 190 conflicts
[2026-05-02T17:15:44Z INFO  ddd::solvers::maxsatddd_ladder_scl] solving it28 with 4055 timepoints 201 conflicts
[2026-05-02T17:15:44Z INFO  ddd::solvers::maxsatddd_ladder_scl] solving it29 with 4173 timepoints 210 conflicts
[2026-05-02T17:15:44Z INFO  ddd::solvers::maxsatddd_ladder_scl] solving it30 with 4307 timepoints 222 conflicts
[2026-05-02T17:15:44Z INFO  ddd::solvers::maxsatddd_ladder_scl] solving it31 with 4452 timepoints 240 conflicts
[2026-05-02T17:15:44Z INFO  ddd::solvers::maxsatddd_ladder_scl] solving it32 with 4601 timepoints 255 conflicts
[2026-05-02T17:15:44Z INFO  ddd::solvers::maxsatddd_ladder_scl] solving it33 with 4729 timepoints 267 conflicts
[2026-05-02T17:15:44Z INFO  ddd::solvers::maxsatddd_ladder_scl] solving it34 with 4855 timepoints 277 conflicts
    LB=15
[2026-05-02T17:15:44Z INFO  ddd::solvers::maxsatddd_ladder_scl] solving it35 with 4855 timepoints 277 conflicts
[2026-05-02T17:15:44Z INFO  ddd::solvers::maxsatddd_ladder_scl] solving it36 with 4991 timepoints 288 conflicts
    LB=16
[2026-05-02T17:15:44Z INFO  ddd::solvers::maxsatddd_ladder_scl] solving it37 with 4991 timepoints 288 conflicts
    LB=17
[2026-05-02T17:15:44Z INFO  ddd::solvers::maxsatddd_ladder_scl] solving it38 with 4991 timepoints 288 conflicts
[2026-05-02T17:15:44Z INFO  ddd::solvers::maxsatddd_ladder_scl] solving it39 with 5115 timepoints 297 conflicts
[2026-05-02T17:15:44Z INFO  ddd::solvers::maxsatddd_ladder_scl] solving it40 with 5294 timepoints 314 conflicts
    LB=18
[2026-05-02T17:15:44Z INFO  ddd::solvers::maxsatddd_ladder_scl] solving it41 with 5294 timepoints 314 conflicts
[2026-05-02T17:15:44Z INFO  ddd::solvers::maxsatddd_ladder_scl] solving it42 with 5459 timepoints 329 conflicts
    LB=19
[2026-05-02T17:15:44Z INFO  ddd::solvers::maxsatddd_ladder_scl] solving it43 with 5459 timepoints 329 conflicts
    LB=20
[2026-05-02T17:15:44Z INFO  ddd::solvers::maxsatddd_ladder_scl] solving it44 with 5459 timepoints 329 conflicts
[2026-05-02T17:15:44Z INFO  ddd::solvers::maxsatddd_ladder_scl] solving it45 with 5599 timepoints 338 conflicts
    LB=21
[2026-05-02T17:15:44Z INFO  ddd::solvers::maxsatddd_ladder_scl] solving it46 with 5599 timepoints 338 conflicts
[2026-05-02T17:15:44Z INFO  ddd::solvers::maxsatddd_ladder_scl] solving it47 with 5775 timepoints 359 conflicts
[2026-05-02T17:15:44Z INFO  ddd::solvers::maxsatddd_ladder_scl] solving it48 with 5923 timepoints 368 conflicts
[2026-05-02T17:15:44Z INFO  ddd::solvers::maxsatddd_ladder_scl] solving it49 with 6081 timepoints 382 conflicts
[2026-05-02T17:15:44Z INFO  ddd::solvers::maxsatddd_ladder_scl] solving it50 with 6233 timepoints 398 conflicts
    LB=22
[2026-05-02T17:15:44Z INFO  ddd::solvers::maxsatddd_ladder_scl] solving it51 with 6233 timepoints 398 conflicts
[2026-05-02T17:15:44Z INFO  ddd::solvers::maxsatddd_ladder_scl] solving it52 with 6388 timepoints 416 conflicts
[2026-05-02T17:15:44Z INFO  ddd::solvers::maxsatddd_ladder_scl] solving it53 with 6529 timepoints 433 conflicts
    LB=23
[2026-05-02T17:15:44Z INFO  ddd::solvers::maxsatddd_ladder_scl] solving it54 with 6529 timepoints 433 conflicts
[2026-05-02T17:15:44Z INFO  ddd::solvers::maxsatddd_ladder_scl] solving it55 with 6658 timepoints 443 conflicts
[2026-05-02T17:15:44Z INFO  ddd::solvers::maxsatddd_ladder_scl] solving it56 with 6791 timepoints 456 conflicts
[2026-05-02T17:15:44Z INFO  ddd::solvers::maxsatddd_ladder_scl] solving it57 with 6927 timepoints 469 conflicts
[2026-05-02T17:15:44Z INFO  ddd::solvers::maxsatddd_ladder_scl] solving it58 with 7046 timepoints 482 conflicts
    LB=24
[2026-05-02T17:15:44Z INFO  ddd::solvers::maxsatddd_ladder_scl] solving it59 with 7046 timepoints 482 conflicts
[2026-05-02T17:15:44Z INFO  ddd::solvers::maxsatddd_ladder_scl] solving it60 with 7164 timepoints 496 conflicts
    LB=25
[2026-05-02T17:15:44Z INFO  ddd::solvers::maxsatddd_ladder_scl] solving it61 with 7164 timepoints 496 conflicts
[2026-05-02T17:15:44Z INFO  ddd::solvers::maxsatddd_ladder_scl] solving it62 with 7274 timepoints 508 conflicts
    LB=26
[2026-05-02T17:15:44Z INFO  ddd::solvers::maxsatddd_ladder_scl] solving it63 with 7274 timepoints 508 conflicts
[2026-05-02T17:15:44Z INFO  ddd::solvers::maxsatddd_ladder_scl] solving it64 with 7426 timepoints 526 conflicts
[2026-05-02T17:15:44Z INFO  ddd::solvers::maxsatddd_ladder_scl] solving it65 with 7544 timepoints 533 conflicts
[2026-05-02T17:15:44Z INFO  ddd::solvers::maxsatddd_ladder_scl] solving it66 with 7670 timepoints 543 conflicts
[2026-05-02T17:15:44Z INFO  ddd::solvers::maxsatddd_ladder_scl] solving it67 with 7818 timepoints 559 conflicts
[2026-05-02T17:15:44Z INFO  ddd::solvers::maxsatddd_ladder_scl] solving it68 with 7964 timepoints 573 conflicts
[2026-05-02T17:15:44Z INFO  ddd::solvers::maxsatddd_ladder_scl] solving it69 with 8092 timepoints 584 conflicts
    LB=27
[2026-05-02T17:15:44Z INFO  ddd::solvers::maxsatddd_ladder_scl] solving it70 with 8092 timepoints 584 conflicts
[2026-05-02T17:15:44Z INFO  ddd::solvers::maxsatddd_ladder_scl] solving it71 with 8271 timepoints 609 conflicts
    LB=28
[2026-05-02T17:15:44Z INFO  ddd::solvers::maxsatddd_ladder_scl] solving it72 with 8271 timepoints 609 conflicts
    LB=29
[2026-05-02T17:15:44Z INFO  ddd::solvers::maxsatddd_ladder_scl] solving it73 with 8271 timepoints 609 conflicts
[2026-05-02T17:15:44Z INFO  ddd::solvers::maxsatddd_ladder_scl] solving it74 with 8466 timepoints 639 conflicts
[2026-05-02T17:15:44Z INFO  ddd::solvers::maxsatddd_ladder_scl] solving it75 with 8622 timepoints 659 conflicts
[2026-05-02T17:15:44Z INFO  ddd::solvers::maxsatddd_ladder_scl] solving it76 with 8773 timepoints 681 conflicts
    LB=30
[2026-05-02T17:15:44Z INFO  ddd::solvers::maxsatddd_ladder_scl] solving it77 with 8773 timepoints 681 conflicts
[2026-05-02T17:15:44Z INFO  ddd::solvers::maxsatddd_ladder_scl] solving it78 with 8912 timepoints 701 conflicts
[2026-05-02T17:15:44Z INFO  ddd::solvers::maxsatddd_ladder_scl] solving it79 with 9025 timepoints 714 conflicts
[2026-05-02T17:15:44Z INFO  ddd::solvers::maxsatddd_ladder_scl] solving it80 with 9149 timepoints 729 conflicts
    LB=31
[2026-05-02T17:15:44Z INFO  ddd::solvers::maxsatddd_ladder_scl] solving it81 with 9149 timepoints 729 conflicts
[2026-05-02T17:15:44Z INFO  ddd::solvers::maxsatddd_ladder_scl] solving it82 with 9286 timepoints 747 conflicts
[2026-05-02T17:15:44Z INFO  ddd::solvers::maxsatddd_ladder_scl] solving it83 with 9410 timepoints 759 conflicts
[2026-05-02T17:15:44Z INFO  ddd::solvers::maxsatddd_ladder_scl] solving it84 with 9550 timepoints 775 conflicts
[2026-05-02T17:15:44Z INFO  ddd::solvers::maxsatddd_ladder_scl] solving it85 with 9667 timepoints 786 conflicts
[2026-05-02T17:15:44Z INFO  ddd::solvers::maxsatddd_ladder_scl] solving it86 with 9781 timepoints 795 conflicts
    LB=32
[2026-05-02T17:15:44Z INFO  ddd::solvers::maxsatddd_ladder_scl] solving it87 with 9781 timepoints 795 conflicts
[2026-05-02T17:15:44Z INFO  ddd::solvers::maxsatddd_ladder_scl] solving it88 with 9884 timepoints 811 conflicts
[2026-05-02T17:15:44Z INFO  ddd::solvers::maxsatddd_ladder_scl] solving it89 with 9992 timepoints 828 conflicts
[2026-05-02T17:15:44Z INFO  ddd::solvers::maxsatddd_ladder_scl] solving it90 with 10119 timepoints 841 conflicts
    LB=33
[2026-05-02T17:15:44Z INFO  ddd::solvers::maxsatddd_ladder_scl] solving it91 with 10119 timepoints 841 conflicts
[2026-05-02T17:15:44Z INFO  ddd::solvers::maxsatddd_ladder_scl] solving it92 with 10221 timepoints 856 conflicts
[2026-05-02T17:15:44Z INFO  ddd::solvers::maxsatddd_ladder_scl] solving it93 with 10299 timepoints 866 conflicts
[2026-05-02T17:15:44Z INFO  ddd::solvers::maxsatddd_ladder_scl] solving it94 with 10373 timepoints 875 conflicts
[2026-05-02T17:15:44Z INFO  ddd::solvers::maxsatddd_ladder_scl] solving it95 with 10427 timepoints 878 conflicts
[2026-05-02T17:15:44Z INFO  ddd::solvers::maxsatddd_ladder_scl] solving it96 with 10548 timepoints 892 conflicts
[2026-05-02T17:15:44Z INFO  ddd::solvers::maxsatddd_ladder_scl] solving it97 with 10651 timepoints 913 conflicts
[2026-05-02T17:15:44Z INFO  ddd::solvers::maxsatddd_ladder_scl] solving it98 with 10732 timepoints 926 conflicts
[2026-05-02T17:15:44Z INFO  ddd::solvers::maxsatddd_ladder_scl] solving it99 with 10790 timepoints 934 conflicts
[2026-05-02T17:15:44Z INFO  ddd::solvers::maxsatddd_ladder_scl] solving it100 with 10853 timepoints 943 conflicts
[2026-05-02T17:15:44Z INFO  ddd::solvers::maxsatddd_ladder_scl] solving it101 with 10945 timepoints 955 conflicts
[2026-05-02T17:15:44Z INFO  ddd::solvers::maxsatddd_ladder_scl] solving it102 with 11023 timepoints 966 conflicts
[2026-05-02T17:15:44Z INFO  ddd::solvers::maxsatddd_ladder_scl] solving it103 with 11087 timepoints 971 conflicts
[2026-05-02T17:15:44Z INFO  ddd::solvers::maxsatddd_ladder_scl] solving it104 with 11152 timepoints 979 conflicts
[2026-05-02T17:15:44Z INFO  ddd::solvers::maxsatddd_ladder_scl] solving it105 with 11197 timepoints 980 conflicts
[2026-05-02T17:15:44Z INFO  ddd::solvers::maxsatddd_ladder_scl] solving it106 with 11242 timepoints 982 conflicts
    LB=34
[2026-05-02T17:15:44Z INFO  ddd::solvers::maxsatddd_ladder_scl] solving it107 with 11242 timepoints 982 conflicts
[2026-05-02T17:15:44Z INFO  ddd::solvers::maxsatddd_ladder_scl] solving it108 with 11306 timepoints 988 conflicts
[2026-05-02T17:15:44Z INFO  ddd::solvers::maxsatddd_ladder_scl] solving it109 with 11354 timepoints 991 conflicts
[2026-05-02T17:15:44Z INFO  ddd::solvers::maxsatddd_ladder_scl] solving it110 with 11410 timepoints 996 conflicts
[2026-05-02T17:15:44Z INFO  ddd::solvers::maxsatddd_ladder_scl] solving it111 with 11456 timepoints 1000 conflicts
[2026-05-02T17:15:44Z INFO  ddd::solvers::maxsatddd_ladder_scl] solving it112 with 11483 timepoints 1003 conflicts
[2026-05-02T17:15:44Z INFO  ddd::solvers::maxsatddd_ladder_scl] solving it113 with 11507 timepoints 1005 conflicts
[2026-05-02T17:15:44Z INFO  ddd::solvers::maxsatddd_ladder_scl] solving it114 with 11545 timepoints 1010 conflicts
[2026-05-02T17:15:44Z INFO  ddd::solvers::maxsatddd_ladder_scl] solving it115 with 11581 timepoints 1013 conflicts
[2026-05-02T17:15:44Z INFO  ddd::solvers::maxsatddd_ladder_scl] solving it116 with 11618 timepoints 1017 conflicts
[2026-05-02T17:15:44Z INFO  ddd::solvers::maxsatddd_ladder_scl] solving it117 with 11661 timepoints 1022 conflicts
[2026-05-02T17:15:44Z INFO  ddd::solvers::maxsatddd_ladder_scl] solving it118 with 11704 timepoints 1027 conflicts
[2026-05-02T17:15:44Z INFO  ddd::solvers::maxsatddd_ladder_scl] solving it119 with 11754 timepoints 1032 conflicts
[2026-05-02T17:15:44Z INFO  ddd::solvers::maxsatddd_ladder_scl] solving it120 with 11798 timepoints 1033 conflicts
[2026-05-02T17:15:44Z INFO  ddd::solvers::maxsatddd_ladder_scl] solving it121 with 11865 timepoints 1042 conflicts
[2026-05-02T17:15:44Z INFO  ddd::solvers::maxsatddd_ladder_scl] solving it122 with 11931 timepoints 1050 conflicts
[2026-05-02T17:15:44Z INFO  ddd::solvers::maxsatddd_ladder_scl] solving it123 with 11983 timepoints 1055 conflicts
[2026-05-02T17:15:44Z INFO  ddd::solvers::maxsatddd_ladder_scl] solving it124 with 12029 timepoints 1059 conflicts
[2026-05-02T17:15:44Z INFO  ddd::solvers::maxsatddd_ladder_scl] solving it125 with 12079 timepoints 1065 conflicts
[2026-05-02T17:15:44Z INFO  ddd::solvers::maxsatddd_ladder_scl] solving it126 with 12140 timepoints 1076 conflicts
[2026-05-02T17:15:44Z INFO  ddd::solvers::maxsatddd_ladder_scl] solving it127 with 12171 timepoints 1079 conflicts
[2026-05-02T17:15:44Z INFO  ddd::solvers::maxsatddd_ladder_scl] solving it128 with 12201 timepoints 1081 conflicts
[2026-05-02T17:15:44Z INFO  ddd::solvers::maxsatddd_ladder_scl] solving it129 with 12222 timepoints 1083 conflicts
[2026-05-02T17:15:44Z INFO  ddd::solvers::maxsatddd_ladder_scl] solving it130 with 12239 timepoints 1085 conflicts
[2026-05-02T17:15:44Z INFO  ddd::solvers::maxsatddd_ladder_scl] solving it131 with 12257 timepoints 1085 conflicts
[2026-05-02T17:15:44Z INFO  ddd::solvers::maxsatddd_ladder_scl] solving it132 with 12297 timepoints 1090 conflicts
[2026-05-02T17:15:44Z INFO  ddd::solvers::maxsatddd_ladder_scl] solving it133 with 12321 timepoints 1092 conflicts
[2026-05-02T17:15:44Z INFO  ddd::solvers::maxsatddd_ladder_scl] solving it134 with 12342 timepoints 1094 conflicts
[2026-05-02T17:15:44Z INFO  ddd::solvers::maxsatddd_ladder_scl] solving it135 with 12359 timepoints 1095 conflicts
[2026-05-02T17:15:44Z INFO  ddd::solvers::maxsatddd_ladder_scl] solving it136 with 12372 timepoints 1095 conflicts
[2026-05-02T17:15:44Z INFO  ddd::solvers::maxsatddd_ladder_scl] solving it137 with 12379 timepoints 1095 conflicts
[2026-05-02T17:15:44Z INFO  ddd::solvers::maxsatddd_ladder_scl] solving it138 with 12391 timepoints 1097 conflicts
[2026-05-02T17:15:44Z INFO  ddd::solvers::maxsatddd_ladder_scl] solving it139 with 12397 timepoints 1097 conflicts
[2026-05-02T17:15:44Z INFO  ddd::solvers::maxsatddd_ladder_scl] solving it140 with 12407 timepoints 1098 conflicts
[2026-05-02T17:15:44Z INFO  ddd::solvers::maxsatddd_ladder_scl] solving it141 with 12414 timepoints 1099 conflicts
[2026-05-02T17:15:44Z INFO  ddd::solvers::maxsatddd_ladder_scl] solving it142 with 12420 timepoints 1099 conflicts
[2026-05-02T17:15:44Z INFO  ddd::solvers::maxsatddd_ladder_scl] solving it143 with 12429 timepoints 1100 conflicts
[2026-05-02T17:15:44Z INFO  ddd::solvers::maxsatddd_ladder_scl] solving it144 with 12437 timepoints 1101 conflicts
[2026-05-02T17:15:44Z INFO  ddd::solvers::maxsatddd_ladder_scl] solving it145 with 12446 timepoints 1102 conflicts
[2026-05-02T17:15:44Z INFO  ddd::solvers::maxsatddd_ladder_scl] solving it146 with 12453 timepoints 1102 conflicts
[2026-05-02T17:15:44Z INFO  ddd::solvers::maxsatddd_ladder_scl] solving it147 with 12460 timepoints 1102 conflicts
[2026-05-02T17:15:44Z INFO  ddd::solvers::maxsatddd_ladder_scl] solving it148 with 12471 timepoints 1103 conflicts
[2026-05-02T17:15:44Z INFO  ddd::solvers::maxsatddd_ladder_scl] solving it149 with 12484 timepoints 1104 conflicts
[2026-05-02T17:15:44Z INFO  ddd::solvers::maxsatddd_ladder_scl] solving it150 with 12494 timepoints 1104 conflicts
[2026-05-02T17:15:44Z INFO  ddd::solvers::maxsatddd_ladder_scl] solving it151 with 12520 timepoints 1109 conflicts
[2026-05-02T17:15:44Z INFO  ddd::solvers::maxsatddd_ladder_scl] solving it152 with 12539 timepoints 1112 conflicts
[2026-05-02T17:15:44Z INFO  ddd::solvers::maxsatddd_ladder_scl] solving it153 with 12564 timepoints 1119 conflicts
[2026-05-02T17:15:44Z INFO  ddd::solvers::maxsatddd_ladder_scl] solving it154 with 12585 timepoints 1122 conflicts
[2026-05-02T17:15:44Z INFO  ddd::solvers::maxsatddd_ladder_scl] solving it155 with 12594 timepoints 1123 conflicts
[2026-05-02T17:15:44Z INFO  ddd::solvers::maxsatddd_ladder_scl] solving it156 with 12598 timepoints 1123 conflicts
[2026-05-02T17:15:44Z INFO  ddd::solvers::maxsatddd_ladder_scl] solving it157 with 12601 timepoints 1123 conflicts
[2026-05-02T17:15:44Z INFO  ddd::solvers::maxsatddd_ladder_scl] solving it158 with 12603 timepoints 1123 conflicts
[2026-05-02T17:15:44Z INFO  ddd::solvers::maxsatddd_ladder_scl] solving it159 with 12605 timepoints 1123 conflicts
[2026-05-02T17:15:44Z INFO  ddd::solvers::maxsatddd_ladder_scl] solving it160 with 12607 timepoints 1123 conflicts
[2026-05-02T17:15:44Z INFO  ddd::solvers::maxsatddd_ladder_scl] solving it161 with 12609 timepoints 1123 conflicts
[2026-05-02T17:15:44Z INFO  ddd::solvers::maxsatddd_ladder_scl] solving it162 with 12611 timepoints 1123 conflicts
[2026-05-02T17:15:44Z INFO  ddd::solvers::maxsatddd_ladder_scl] solving it163 with 12616 timepoints 1124 conflicts
[2026-05-02T17:15:44Z INFO  ddd::solvers::maxsatddd_ladder_scl] solving it164 with 12618 timepoints 1124 conflicts
[2026-05-02T17:15:44Z INFO  ddd::solvers::maxsatddd_ladder_scl] solving it165 with 12620 timepoints 1124 conflicts
[2026-05-02T17:15:44Z INFO  ddd::solvers::maxsatddd_ladder_scl] solving it166 with 12622 timepoints 1124 conflicts
[2026-05-02T17:15:44Z INFO  ddd::solvers::maxsatddd_ladder_scl] solving it167 with 12624 timepoints 1124 conflicts
[2026-05-02T17:15:44Z INFO  ddd::solvers::maxsatddd_ladder_scl] solving it168 with 12626 timepoints 1124 conflicts
[2026-05-02T17:15:44Z INFO  ddd::solvers::maxsatddd_ladder_scl] solving it169 with 12627 timepoints 1124 conflicts
[2026-05-02T17:15:44Z INFO  ddd::solvers::maxsatddd_ladder_scl] solving it170 with 12628 timepoints 1124 conflicts
Finished with cost 34 iterations 171 solver SAT instance (MiniSAT v2.1.0) { variables: 10664, clauses: 64028 }
Core size bins {}
Iteration types {Objective: 34, TravelTimeConflict: 22, ResourceConflict: 1, TravelAndResourceConflict: 113, Solution: 1}
STATS 171 34 22 1 113 1 6580 1124
VARSCLAUSES SAT instance (MiniSAT v2.1.0) { variables: 10664, clauses: 64028 }
MAXSAT ITERATIONS 1124  171
Solution verified. Cost 34
Timing information for root profiler:
  solver - 1 * 144.7ms = 144.7ms (99.5%)
    iteration - 171 * 842.2us = 144.0ms (99.6%)
      extract solution - 137 * 5.7us = 781.4us (0.5%)
      travel time check - 86404 * 84ns = 7.3ms (5.1%)
      conflict check - 137 * 103.9us = 14.2ms (9.9%)
        extract solution - 2 * 8.1us = 16.2us (0.1%)
      sat check - 170 * 493.0us = 83.8ms (58.2%)
      treat core - 34 * 109.6us = 3.7ms (2.6%)
      update times - 136 * 73.4us = 10.0ms (6.9%)
        extract solution - 136 * 5.6us = 765.4us (7.7%)
  verify_solution - 1 * 9.7ms = 9.7ms (6.7%)
Reading instances_addtracktime/InstanceA9.txt
Reading instances_addtracktime/InstanceA10.txt
Reading instances_addtracktime/InstanceA11.txt
Reading instances_addtracktime/InstanceA12.txt
Reading instances_addtracktime/InstanceB1.txt
Reading instances_addtracktime/InstanceB2.txt
Reading instances_addtracktime/InstanceB3.txt
Reading instances_addtracktime/InstanceB4.txt
Reading instances_addtracktime/InstanceB5.txt
Reading instances_addtracktime/InstanceB6.txt
Reading instances_addtracktime/InstanceB7.txt
Reading instances_addtracktime/InstanceB8.txt
Reading instances_addtracktime/InstanceB9.txt
Reading instances_addtracktime/InstanceB10.txt
Reading instances_addtracktime/InstanceB11.txt
Reading instances_addtracktime/InstanceB12.txt
Reading instances_addstationtime/InstanceA1.txt
Reading instances_addstationtime/InstanceA2.txt
Reading instances_addstationtime/InstanceA3.txt
Reading instances_addstationtime/InstanceA4.txt
Reading instances_addstationtime/InstanceA5.txt
Reading instances_addstationtime/InstanceA6.txt
Reading instances_addstationtime/InstanceA7.txt
Reading instances_addstationtime/InstanceA8.txt
Reading instances_addstationtime/InstanceA9.txt
Reading instances_addstationtime/InstanceA10.txt
Reading instances_addstationtime/InstanceA11.txt
Reading instances_addstationtime/InstanceA12.txt
Reading instances_addstationtime/InstanceB1.txt
Reading instances_addstationtime/InstanceB2.txt
Reading instances_addstationtime/InstanceB3.txt
Reading instances_addstationtime/InstanceB4.txt
Reading instances_addstationtime/InstanceB5.txt
Reading instances_addstationtime/InstanceB6.txt
Reading instances_addstationtime/InstanceB7.txt
Reading instances_addstationtime/InstanceB8.txt
Reading instances_addstationtime/InstanceB9.txt
Reading instances_addstationtime/InstanceB10.txt
Reading instances_addstationtime/InstanceB11.txt
Reading instances_addstationtime/InstanceB12.txt
   trackA8 FiniteSteps123 MaxSatDddLadderScl    34        146

Wrote to file "A8_active_forward_on.json"
