bash: /home/nguyentan/miniconda3/envs/gurobi/lib/libtinfo.so.6: no version information available (required by bash)
=== Puresat bench: 2 configs × 3 objectives (6 runs) ===
Start: Sun May 17 14:08:35 +07 2026
Output dir: 2026-05-16-Verified-Result-For-Graduation-Thesis/puresat_verify

============================================================
[PureDefault | finsteps123]
  JSON: 2026-05-16-Verified-Result-For-Graduation-Thesis/puresat_verify/PureDefault_finsteps123.json
  Env:  (default)
============================================================
bash: /home/nguyentan/miniconda3/envs/gurobi/lib/libtinfo.so.6: no version information available (required by bash)
Running origA1
Running origA2
Running origA3
Running origA4
Running origA5
Running origA6
Running origA7
Running origA8
Running origA9
Running origA10
Running origA11
Running origA12
Running origB1
Running origB2
Running origB3
Running origB4
Running origB5
Running origB6
Running origB7
Running origB8
Running origB9
Running origB10
Running origB11
Running origB12
Running trackA1
Running trackA2
Running trackA3
Running trackA4
Running trackA5
Running trackA6
Running trackA7
Running trackA8
Running trackA9
Running trackA10
Running trackA11
Running trackA12
Running trackB1
Running trackB2
Running trackB3
Running trackB4
Running trackB5
Running trackB6
Running trackB7
Running trackB8
Running trackB9
Running trackB10
Running trackB11
Running trackB12
Running stationA1
Running stationA2
Running stationA3
Running stationA4
Running stationA5
Running stationA6
Running stationA7
Running stationA8
Running stationA9
Running stationA10
Running stationA11
Running stationA12
Running stationB1
Running stationB2
Running stationB3
Running stationB4
Running stationB5
Running stationB6
Running stationB7
Running stationB8
Running stationB9
Running stationB10
Running stationB11
Running stationB12
Wrote 2026-05-16-Verified-Result-For-Graduation-Thesis/puresat_verify/PureDefault_finsteps123.json
Wrote 2026-05-16-Verified-Result-For-Graduation-Thesis/puresat_verify/PureDefault_finsteps123.csv [compact, 72 rows]
  CSV ok

============================================================
[PureNothing | finsteps123]
  JSON: 2026-05-16-Verified-Result-For-Graduation-Thesis/puresat_verify/PureNothing_finsteps123.json
  Env:  SATDDD_USE_EXTENDED_PRECEDENCE_GRAPH=false SATDDD_USE_SCL_AMO=false
============================================================
quick_scripts/run_puresat_default_nothing_all_objectives.sh: line 67: SATDDD_USE_EXTENDED_PRECEDENCE_GRAPH=false: command not found
